Using pre-set license
Built from '2021.3/staging' branch; Version is '2021.3.18f1 (3129e69bc0c7) revision 3221990'; Using compiler version '192829333'; Build Type 'Release'
OS: 'Windows 10  (10.0.19045) 64bit CoreSingleLanguage' Language: 'pt' Physical Memory: 15663 MB
BatchMode: 1, IsHumanControllingUs: 0, StartBugReporterOnCrash: 0, Is64bit: 1, IsPro: 1

COMMAND LINE ARGUMENTS:
C:\Program Files\Unity\Hub\Editor\2021.3.18f1\Editor\Unity.exe
-adb2
-batchMode
-noUpm
-name
AssetImportWorker2
-projectPath
F:/Git_Study/TCCMuitoFofo/TCC MUITO FOFO
-logFile
Logs/AssetImportWorker2.log
-srvPort
59263
Successfully changed project path to: F:/Git_Study/TCCMuitoFofo/TCC MUITO FOFO
F:/Git_Study/TCCMuitoFofo/TCC MUITO FOFO
[UnityMemory] Configuration Parameters - Can be set up in boot.config
    "memorysetup-bucket-allocator-granularity=16"
    "memorysetup-bucket-allocator-bucket-count=8"
    "memorysetup-bucket-allocator-block-size=33554432"
    "memorysetup-bucket-allocator-block-count=8"
    "memorysetup-main-allocator-block-size=16777216"
    "memorysetup-thread-allocator-block-size=16777216"
    "memorysetup-gfx-main-allocator-block-size=16777216"
    "memorysetup-gfx-thread-allocator-block-size=16777216"
    "memorysetup-cache-allocator-block-size=4194304"
    "memorysetup-typetree-allocator-block-size=2097152"
    "memorysetup-profiler-bucket-allocator-granularity=16"
    "memorysetup-profiler-bucket-allocator-bucket-count=8"
    "memorysetup-profiler-bucket-allocator-block-size=33554432"
    "memorysetup-profiler-bucket-allocator-block-count=8"
    "memorysetup-profiler-allocator-block-size=16777216"
    "memorysetup-profiler-editor-allocator-block-size=1048576"
    "memorysetup-temp-allocator-size-main=16777216"
    "memorysetup-job-temp-allocator-block-size=2097152"
    "memorysetup-job-temp-allocator-block-size-background=1048576"
    "memorysetup-job-temp-allocator-reduction-small-platforms=262144"
    "memorysetup-temp-allocator-size-background-worker=32768"
    "memorysetup-temp-allocator-size-job-worker=262144"
    "memorysetup-temp-allocator-size-preload-manager=33554432"
    "memorysetup-temp-allocator-size-nav-mesh-worker=65536"
    "memorysetup-temp-allocator-size-audio-worker=65536"
    "memorysetup-temp-allocator-size-cloud-worker=32768"
    "memorysetup-temp-allocator-size-gi-baking-worker=262144"
    "memorysetup-temp-allocator-size-gfx=262144"
Player connection [22896] Host "[IP] 10.0.0.103 [Port] 0 [Flags] 2 [Guid] 157161265 [EditorId] 157161265 [Version] 1048832 [Id] WindowsEditor(7,DESKTOP-J8UR71B) [Debug] 1 [PackageName] WindowsEditor [ProjectName] Editor" joined multi-casting on [225.0.0.222:54997]...

Player connection [22896] Host "[IP] 10.0.0.103 [Port] 0 [Flags] 2 [Guid] 157161265 [EditorId] 157161265 [Version] 1048832 [Id] WindowsEditor(7,DESKTOP-J8UR71B) [Debug] 1 [PackageName] WindowsEditor [ProjectName] Editor" joined alternative multi-casting on [225.0.0.222:34997]...

Refreshing native plugins compatible for Editor in 114.88 ms, found 8 plugins.
Preloading 0 native plugins for Editor in 0.00 ms.
Initialize engine version: 2021.3.18f1 (3129e69bc0c7)
[Subsystems] Discovering subsystems at path C:/Program Files/Unity/Hub/Editor/2021.3.18f1/Editor/Data/Resources/UnitySubsystems
[Subsystems] Discovering subsystems at path F:/Git_Study/TCCMuitoFofo/TCC MUITO FOFO/Assets
GfxDevice: creating device client; threaded=0; jobified=0
Direct3D:
    Version:  Direct3D 11.0 [level 11.1]
    Renderer: AMD Radeon(TM) Graphics (ID=0x1638)
    Vendor:   ATI
    VRAM:     7831 MB
    Driver:   31.0.12042.4
Initialize mono
Mono path[0] = 'C:/Program Files/Unity/Hub/Editor/2021.3.18f1/Editor/Data/Managed'
Mono path[1] = 'C:/Program Files/Unity/Hub/Editor/2021.3.18f1/Editor/Data/MonoBleedingEdge/lib/mono/unityjit-win32'
Mono config path = 'C:/Program Files/Unity/Hub/Editor/2021.3.18f1/Editor/Data/MonoBleedingEdge/etc'
Using monoOptions --debugger-agent=transport=dt_socket,embedding=1,server=y,suspend=n,address=127.0.0.1:56264
Begin MonoManager ReloadAssembly
Registering precompiled unity dll's ...
Register platform support module: C:/Program Files/Unity/Hub/Editor/2021.3.18f1/Editor/Data/PlaybackEngines/WebGLSupport/UnityEditor.WebGL.Extensions.dll
Register platform support module: C:/Program Files/Unity/Hub/Editor/2021.3.18f1/Editor/Data/PlaybackEngines/AndroidPlayer/UnityEditor.Android.Extensions.dll
Register platform support module: C:/Program Files/Unity/Hub/Editor/2021.3.18f1/Editor/Data/PlaybackEngines/WindowsStandaloneSupport/UnityEditor.WindowsStandalone.Extensions.dll
Registered in 0.008861 seconds.
Native extension for WindowsStandalone target not found
Native extension for Android target not found
Android Extension - Scanning For ADB Devices 253 ms
Native extension for WebGL target not found
Refreshing native plugins compatible for Editor in 107.26 ms, found 8 plugins.
Preloading 0 native plugins for Editor in 0.00 ms.
Mono: successfully reloaded assembly
- Completed reload, in  0.918 seconds
Domain Reload Profiling:
	ReloadAssembly (919ms)
		BeginReloadAssembly (78ms)
			ExecutionOrderSort (0ms)
			DisableScriptedObjects (0ms)
			BackupInstance (0ms)
			ReleaseScriptingObjects (0ms)
			CreateAndSetChildDomain (1ms)
		EndReloadAssembly (731ms)
			LoadAssemblies (75ms)
			RebuildTransferFunctionScriptingTraits (0ms)
			SetupTypeCache (112ms)
			ReleaseScriptCaches (0ms)
			RebuildScriptCaches (23ms)
			SetupLoadedEditorAssemblies (545ms)
				LogAssemblyErrors (0ms)
				InitializePlatformSupportModulesInManaged (324ms)
				SetLoadedEditorAssemblies (0ms)
				RefreshPlugins (107ms)
				BeforeProcessingInitializeOnLoad (1ms)
				ProcessInitializeOnLoadAttributes (75ms)
				ProcessInitializeOnLoadMethodAttributes (37ms)
				AfterProcessingInitializeOnLoad (0ms)
				EditorAssembliesLoaded (0ms)
			ExecutionOrderSort2 (0ms)
			AwakeInstancesAfterBackupRestoration (0ms)
Platform modules already initialized, skipping
Registering precompiled user dll's ...
Registered in 0.006286 seconds.
Begin MonoManager ReloadAssembly
Symbol file LoadedFromMemory doesn't match image F:\Git_Study\TCCMuitoFofo\TCC MUITO FOFO\Library\PackageCache\com.unity.visualscripting@1.8.0\Editor\VisualScripting.Core\Dependencies\YamlDotNet\Unity.VisualScripting.YamlDotNet.dll
Symbol file LoadedFromMemory doesn't match image F:\Git_Study\TCCMuitoFofo\TCC MUITO FOFO\Library\PackageCache\com.unity.visualscripting@1.8.0\Editor\VisualScripting.Core\Dependencies\DotNetZip\Unity.VisualScripting.IonicZip.dll
Native extension for WindowsStandalone target not found
Native extension for Android target not found
Native extension for WebGL target not found
Refreshing native plugins compatible for Editor in 107.82 ms, found 8 plugins.
Preloading 0 native plugins for Editor in 0.00 ms.
Mono: successfully reloaded assembly
- Completed reload, in  1.224 seconds
Domain Reload Profiling:
	ReloadAssembly (1224ms)
		BeginReloadAssembly (102ms)
			ExecutionOrderSort (0ms)
			DisableScriptedObjects (5ms)
			BackupInstance (0ms)
			ReleaseScriptingObjects (0ms)
			CreateAndSetChildDomain (21ms)
		EndReloadAssembly (1021ms)
			LoadAssemblies (94ms)
			RebuildTransferFunctionScriptingTraits (0ms)
			SetupTypeCache (233ms)
			ReleaseScriptCaches (1ms)
			RebuildScriptCaches (63ms)
			SetupLoadedEditorAssemblies (593ms)
				LogAssemblyErrors (0ms)
				InitializePlatformSupportModulesInManaged (17ms)
				SetLoadedEditorAssemblies (0ms)
				RefreshPlugins (108ms)
				BeforeProcessingInitializeOnLoad (122ms)
				ProcessInitializeOnLoadAttributes (234ms)
				ProcessInitializeOnLoadMethodAttributes (103ms)
				AfterProcessingInitializeOnLoad (8ms)
				EditorAssembliesLoaded (0ms)
			ExecutionOrderSort2 (0ms)
			AwakeInstancesAfterBackupRestoration (6ms)
Platform modules already initialized, skipping
========================================================================
Worker process is ready to serve import requests
Launched and connected shader compiler UnityShaderCompiler.exe after 0.04 seconds
Refreshing native plugins compatible for Editor in 1.37 ms, found 8 plugins.
Preloading 0 native plugins for Editor in 0.00 ms.
Unloading 5913 Unused Serialized files (Serialized files now loaded: 0)
Unloading 61 unused Assets / (0.8 MB). Loaded Objects now: 6384.
Memory consumption went from 311.3 MB to 310.4 MB.
Total: 3.917100 ms (FindLiveObjects: 0.433900 ms CreateObjectMapping: 0.177900 ms MarkObjects: 2.908300 ms  DeleteObjects: 0.396100 ms)

AssetImportParameters requested are different than current active one (requested -> active):
  custom:video-decoder-ogg-theora: a1e56fd34408186e4bbccfd4996cb3dc -> 
  custom:container-muxer-webm: aa71ff27fc2769a1b78a27578f13a17b -> 
  custom:container-demuxer-webm: 4f35f7cbe854078d1ac9338744f61a02 -> 
  custom:video-encoder-webm-vp8: eb34c28f22e8b96e1ab97ce403110664 -> 
  custom:audio-encoder-webm-vorbis: bf7c407c2cedff20999df2af8eb42d56 -> 
  custom:framework-win-MediaFoundation: 216162199b28c13a410421893ffa2e32 -> 
  custom:container-demuxer-ogg: 62fdf1f143b41e24485cea50d1cbac27 -> 
  custom:video-decoder-webm-vp8: 9c59270c3fd7afecdb556c50c9e8de78 -> 
  custom:audio-decoder-ogg-vorbis: bf7c407c2cedff20999df2af8eb42d56 -> 
========================================================================
Received Import Request.
  Time since last request: 402331.517800 seconds.
  path: Packages/com.unity.2d.animation/Editor/Assets/SkinningModule/Icons/Light/Split_Edge@2x.png
  artifactKey: Guid(3c84cd9c7ddd51c4b959d02c41aced07) Importer(815301076,1909f56bfc062723c751e8b465ee728b)
Start importing Packages/com.unity.2d.animation/Editor/Assets/SkinningModule/Icons/Light/Split_Edge@2x.png using Guid(3c84cd9c7ddd51c4b959d02c41aced07) Importer(815301076,1909f56bfc062723c751e8b465ee728b)  -> (artifact id: 'c033d23534d4d04336983b293791ec04') in 0.149206 seconds 
========================================================================
Received Import Request.
  Time since last request: 0.000029 seconds.
  path: Packages/com.unity.2d.animation/Editor/Assets/SkinningModule/Icons/Light/Split_Edge@4x.png
  artifactKey: Guid(21d43e7114c758c49886cb9fc604dd66) Importer(815301076,1909f56bfc062723c751e8b465ee728b)
Start importing Packages/com.unity.2d.animation/Editor/Assets/SkinningModule/Icons/Light/Split_Edge@4x.png using Guid(21d43e7114c758c49886cb9fc604dd66) Importer(815301076,1909f56bfc062723c751e8b465ee728b)  -> (artifact id: '41a6340759909d6d2c8a01324c807246') in 0.076840 seconds 
========================================================================
Received Import Request.
  Time since last request: 1.106014 seconds.
  path: Assets/Prefeb/Sprite-Projetil.prefab
  artifactKey: Guid(cb549031c603b0f4cae81f620a6e7a28) Importer(815301076,1909f56bfc062723c751e8b465ee728b)
Start importing Assets/Prefeb/Sprite-Projetil.prefab using Guid(cb549031c603b0f4cae81f620a6e7a28) Importer(815301076,1909f56bfc062723c751e8b465ee728b)  -> (artifact id: 'c87ba94f6ad08d41603ea3cbd6a015ee') in 0.131128 seconds 
========================================================================
Received Import Request.
  Time since last request: 26.114423 seconds.
  path: Assets/Sprite/Player/PlayerCowBoy/Sprite-Projetil-.png
  artifactKey: Guid(9aade2602c44ef64dbaf9de6122d630e) Importer(815301076,1909f56bfc062723c751e8b465ee728b)
Start importing Assets/Sprite/Player/PlayerCowBoy/Sprite-Projetil-.png using Guid(9aade2602c44ef64dbaf9de6122d630e) Importer(815301076,1909f56bfc062723c751e8b465ee728b)  -> (artifact id: '8eee7e1ca4ac9f81303361458206b701') in 0.011241 seconds 
========================================================================
Received Import Request.
  Time since last request: 8.129065 seconds.
  path: Assets/Sprite/Player/PlayerCowBoy/Sprite-Projetil-Emission.png
  artifactKey: Guid(acdf3c758f3877243b40472ef13d564a) Importer(815301076,1909f56bfc062723c751e8b465ee728b)
Start importing Assets/Sprite/Player/PlayerCowBoy/Sprite-Projetil-Emission.png using Guid(acdf3c758f3877243b40472ef13d564a) Importer(815301076,1909f56bfc062723c751e8b465ee728b)  -> (artifact id: 'ae8314191cb5dda18d9bc48ec02476aa') in 0.006950 seconds 
========================================================================
Received Import Request.
  Time since last request: 3.197773 seconds.
  path: Assets/Sprite/Player/PlayerCowBoy/Sprite-Projetil.png
  artifactKey: Guid(9aade2602c44ef64dbaf9de6122d630e) Importer(815301076,1909f56bfc062723c751e8b465ee728b)
Start importing Assets/Sprite/Player/PlayerCowBoy/Sprite-Projetil.png using Guid(9aade2602c44ef64dbaf9de6122d630e) Importer(815301076,1909f56bfc062723c751e8b465ee728b)  -> (artifact id: 'b1614c17f405560fde325325a52672ba') in 0.006595 seconds 
========================================================================
Received Import Request.
  Time since last request: 17.214688 seconds.
  path: Assets/Sprite/Player/PlayerCowBoy/Sprite-Projetil.png
  artifactKey: Guid(9aade2602c44ef64dbaf9de6122d630e) Importer(815301076,1909f56bfc062723c751e8b465ee728b)
Start importing Assets/Sprite/Player/PlayerCowBoy/Sprite-Projetil.png using Guid(9aade2602c44ef64dbaf9de6122d630e) Importer(815301076,1909f56bfc062723c751e8b465ee728b)  -> (artifact id: '7f2c748dd92e089ef5a00b25cd879f12') in 0.007724 seconds 
========================================================================
Received Import Request.
  Time since last request: 19.003414 seconds.
  path: Assets/Sprite/Player/PlayerCowBoy/Sprite-Projetil.png
  artifactKey: Guid(9aade2602c44ef64dbaf9de6122d630e) Importer(815301076,1909f56bfc062723c751e8b465ee728b)
Start importing Assets/Sprite/Player/PlayerCowBoy/Sprite-Projetil.png using Guid(9aade2602c44ef64dbaf9de6122d630e) Importer(815301076,1909f56bfc062723c751e8b465ee728b)  -> (artifact id: '7494c458c541d7c6052206852f048bdf') in 0.007647 seconds 
========================================================================
Received Import Request.
  Time since last request: 14.667963 seconds.
  path: Assets/Sprite/Player/PlayerCowBoy/Sprite-Projetil.png
  artifactKey: Guid(9aade2602c44ef64dbaf9de6122d630e) Importer(815301076,1909f56bfc062723c751e8b465ee728b)
Start importing Assets/Sprite/Player/PlayerCowBoy/Sprite-Projetil.png using Guid(9aade2602c44ef64dbaf9de6122d630e) Importer(815301076,1909f56bfc062723c751e8b465ee728b)  -> (artifact id: '27584ed58f5a5af90d8810b10dbf1124') in 0.006757 seconds 
========================================================================
Received Import Request.
  Time since last request: 35.739852 seconds.
  path: Assets/Prefeb/Sprite-Projetil.prefab
  artifactKey: Guid(cb549031c603b0f4cae81f620a6e7a28) Importer(815301076,1909f56bfc062723c751e8b465ee728b)
Start importing Assets/Prefeb/Sprite-Projetil.prefab using Guid(cb549031c603b0f4cae81f620a6e7a28) Importer(815301076,1909f56bfc062723c751e8b465ee728b)  -> (artifact id: 'c696076b592447ccef6424aa0959222f') in 0.007694 seconds 
========================================================================
Received Prepare
Registering precompiled user dll's ...
Registered in 0.006165 seconds.
Begin MonoManager ReloadAssembly
Symbol file LoadedFromMemory doesn't match image F:\Git_Study\TCCMuitoFofo\TCC MUITO FOFO\Library\PackageCache\com.unity.visualscripting@1.8.0\Editor\VisualScripting.Core\Dependencies\YamlDotNet\Unity.VisualScripting.YamlDotNet.dll
Symbol file LoadedFromMemory doesn't match image F:\Git_Study\TCCMuitoFofo\TCC MUITO FOFO\Library\PackageCache\com.unity.visualscripting@1.8.0\Editor\VisualScripting.Core\Dependencies\DotNetZip\Unity.VisualScripting.IonicZip.dll
Native extension for WindowsStandalone target not found
Native extension for Android target not found
Native extension for WebGL target not found
Refreshing native plugins compatible for Editor in 1.25 ms, found 8 plugins.
Preloading 0 native plugins for Editor in 0.00 ms.
Mono: successfully reloaded assembly
- Completed reload, in  1.227 seconds
Domain Reload Profiling:
	ReloadAssembly (1228ms)
		BeginReloadAssembly (132ms)
			ExecutionOrderSort (0ms)
			DisableScriptedObjects (7ms)
			BackupInstance (0ms)
			ReleaseScriptingObjects (0ms)
			CreateAndSetChildDomain (43ms)
		EndReloadAssembly (1014ms)
			LoadAssemblies (93ms)
			RebuildTransferFunctionScriptingTraits (0ms)
			SetupTypeCache (287ms)
			ReleaseScriptCaches (3ms)
			RebuildScriptCaches (64ms)
			SetupLoadedEditorAssemblies (468ms)
				LogAssemblyErrors (0ms)
				InitializePlatformSupportModulesInManaged (26ms)
				SetLoadedEditorAssemblies (0ms)
				RefreshPlugins (1ms)
				BeforeProcessingInitializeOnLoad (99ms)
				ProcessInitializeOnLoadAttributes (243ms)
				ProcessInitializeOnLoadMethodAttributes (89ms)
				AfterProcessingInitializeOnLoad (9ms)
				EditorAssembliesLoaded (0ms)
			ExecutionOrderSort2 (0ms)
			AwakeInstancesAfterBackupRestoration (17ms)
Platform modules already initialized, skipping
Refreshing native plugins compatible for Editor in 4.74 ms, found 8 plugins.
Preloading 0 native plugins for Editor in 0.00 ms.
Unloading 5773 Unused Serialized files (Serialized files now loaded: 0)
Unloading 37 unused Assets / (0.9 MB). Loaded Objects now: 6460.
Memory consumption went from 307.4 MB to 306.5 MB.
Total: 4.806200 ms (FindLiveObjects: 0.631500 ms CreateObjectMapping: 0.268300 ms MarkObjects: 3.449400 ms  DeleteObjects: 0.456100 ms)

AssetImportParameters requested are different than current active one (requested -> active):
  custom:video-decoder-ogg-theora: a1e56fd34408186e4bbccfd4996cb3dc -> 
  custom:container-muxer-webm: aa71ff27fc2769a1b78a27578f13a17b -> 
  custom:container-demuxer-webm: 4f35f7cbe854078d1ac9338744f61a02 -> 
  custom:video-encoder-webm-vp8: eb34c28f22e8b96e1ab97ce403110664 -> 
  custom:audio-encoder-webm-vorbis: bf7c407c2cedff20999df2af8eb42d56 -> 
  custom:framework-win-MediaFoundation: 216162199b28c13a410421893ffa2e32 -> 
  custom:container-demuxer-ogg: 62fdf1f143b41e24485cea50d1cbac27 -> 
  custom:video-decoder-webm-vp8: 9c59270c3fd7afecdb556c50c9e8de78 -> 
  custom:audio-decoder-ogg-vorbis: bf7c407c2cedff20999df2af8eb42d56 -> 
========================================================================
Received Import Request.
  Time since last request: 95.078036 seconds.
  path: Assets/Sprite/Player/PlayerCowBoy/Sprite-Projetil-Emission.png
  artifactKey: Guid(acdf3c758f3877243b40472ef13d564a) Importer(815301076,1909f56bfc062723c751e8b465ee728b)
Start importing Assets/Sprite/Player/PlayerCowBoy/Sprite-Projetil-Emission.png using Guid(acdf3c758f3877243b40472ef13d564a) Importer(815301076,1909f56bfc062723c751e8b465ee728b)  -> (artifact id: '7d583af206cff361791cb505278c2414') in 0.052166 seconds 
========================================================================
Received Import Request.
  Time since last request: 4.546183 seconds.
  path: Assets/Sprite/Player/PlayerCowBoy/Sprite-Projetil-Emission.png
  artifactKey: Guid(acdf3c758f3877243b40472ef13d564a) Importer(815301076,1909f56bfc062723c751e8b465ee728b)
Start importing Assets/Sprite/Player/PlayerCowBoy/Sprite-Projetil-Emission.png using Guid(acdf3c758f3877243b40472ef13d564a) Importer(815301076,1909f56bfc062723c751e8b465ee728b)  -> (artifact id: 'f8147fe568cd5f8cfc07f1e3211d5ecf') in 0.006852 seconds 
========================================================================
Received Import Request.
  Time since last request: 33.825000 seconds.
  path: Assets/Sprite/Player/PlayerCowBoy/Sprite-Projetil-Emission.png
  artifactKey: Guid(acdf3c758f3877243b40472ef13d564a) Importer(815301076,1909f56bfc062723c751e8b465ee728b)
Start importing Assets/Sprite/Player/PlayerCowBoy/Sprite-Projetil-Emission.png using Guid(acdf3c758f3877243b40472ef13d564a) Importer(815301076,1909f56bfc062723c751e8b465ee728b)  -> (artifact id: '7244acb4568a3926ddf235c44b9f672a') in 0.006897 seconds 
========================================================================
Received Import Request.
  Time since last request: 13.527294 seconds.
  path: Assets/Sprite/Player/PlayerCowBoy/Sprite-Projetil-Emission.png
  artifactKey: Guid(acdf3c758f3877243b40472ef13d564a) Importer(815301076,1909f56bfc062723c751e8b465ee728b)
Start importing Assets/Sprite/Player/PlayerCowBoy/Sprite-Projetil-Emission.png using Guid(acdf3c758f3877243b40472ef13d564a) Importer(815301076,1909f56bfc062723c751e8b465ee728b)  -> (artifact id: 'beb3d0699679336a5bf210ecd2892e7f') in 0.006756 seconds 
========================================================================
Received Prepare
Registering precompiled user dll's ...
Registered in 0.006044 seconds.
Begin MonoManager ReloadAssembly
Symbol file LoadedFromMemory doesn't match image F:\Git_Study\TCCMuitoFofo\TCC MUITO FOFO\Library\PackageCache\com.unity.visualscripting@1.8.0\Editor\VisualScripting.Core\Dependencies\YamlDotNet\Unity.VisualScripting.YamlDotNet.dll
Symbol file LoadedFromMemory doesn't match image F:\Git_Study\TCCMuitoFofo\TCC MUITO FOFO\Library\PackageCache\com.unity.visualscripting@1.8.0\Editor\VisualScripting.Core\Dependencies\DotNetZip\Unity.VisualScripting.IonicZip.dll
Native extension for WindowsStandalone target not found
Native extension for Android target not found
Native extension for WebGL target not found
Refreshing native plugins compatible for Editor in 2.52 ms, found 8 plugins.
Preloading 0 native plugins for Editor in 0.00 ms.
Mono: successfully reloaded assembly
- Completed reload, in  1.281 seconds
Domain Reload Profiling:
	ReloadAssembly (1281ms)
		BeginReloadAssembly (124ms)
			ExecutionOrderSort (0ms)
			DisableScriptedObjects (5ms)
			BackupInstance (0ms)
			ReleaseScriptingObjects (0ms)
			CreateAndSetChildDomain (37ms)
		EndReloadAssembly (1066ms)
			LoadAssemblies (107ms)
			RebuildTransferFunctionScriptingTraits (0ms)
			SetupTypeCache (291ms)
			ReleaseScriptCaches (3ms)
			RebuildScriptCaches (62ms)
			SetupLoadedEditorAssemblies (504ms)
				LogAssemblyErrors (0ms)
				InitializePlatformSupportModulesInManaged (29ms)
				SetLoadedEditorAssemblies (0ms)
				RefreshPlugins (3ms)
				BeforeProcessingInitializeOnLoad (112ms)
				ProcessInitializeOnLoadAttributes (259ms)
				ProcessInitializeOnLoadMethodAttributes (91ms)
				AfterProcessingInitializeOnLoad (10ms)
				EditorAssembliesLoaded (0ms)
			ExecutionOrderSort2 (0ms)
			AwakeInstancesAfterBackupRestoration (16ms)
Platform modules already initialized, skipping
Refreshing native plugins compatible for Editor in 5.62 ms, found 8 plugins.
Preloading 0 native plugins for Editor in 0.00 ms.
Unloading 5773 Unused Serialized files (Serialized files now loaded: 0)
Unloading 37 unused Assets / (0.9 MB). Loaded Objects now: 6475.
Memory consumption went from 307.4 MB to 306.5 MB.
Total: 5.417800 ms (FindLiveObjects: 0.441300 ms CreateObjectMapping: 0.313300 ms MarkObjects: 4.192800 ms  DeleteObjects: 0.469600 ms)

AssetImportParameters requested are different than current active one (requested -> active):
  custom:video-decoder-ogg-theora: a1e56fd34408186e4bbccfd4996cb3dc -> 
  custom:container-muxer-webm: aa71ff27fc2769a1b78a27578f13a17b -> 
  custom:container-demuxer-webm: 4f35f7cbe854078d1ac9338744f61a02 -> 
  custom:video-encoder-webm-vp8: eb34c28f22e8b96e1ab97ce403110664 -> 
  custom:audio-encoder-webm-vorbis: bf7c407c2cedff20999df2af8eb42d56 -> 
  custom:framework-win-MediaFoundation: 216162199b28c13a410421893ffa2e32 -> 
  custom:container-demuxer-ogg: 62fdf1f143b41e24485cea50d1cbac27 -> 
  custom:video-decoder-webm-vp8: 9c59270c3fd7afecdb556c50c9e8de78 -> 
  custom:audio-decoder-ogg-vorbis: bf7c407c2cedff20999df2af8eb42d56 -> 
========================================================================
Received Import Request.
  Time since last request: 190.853017 seconds.
  path: Assets/Prefeb/Sprite-Projetil.prefab
  artifactKey: Guid(cb549031c603b0f4cae81f620a6e7a28) Importer(815301076,1909f56bfc062723c751e8b465ee728b)
Start importing Assets/Prefeb/Sprite-Projetil.prefab using Guid(cb549031c603b0f4cae81f620a6e7a28) Importer(815301076,1909f56bfc062723c751e8b465ee728b)  -> (artifact id: '40c954302939377f98a6b525f8e0541d') in 0.138812 seconds 
========================================================================
Received Import Request.
  Time since last request: 3.704258 seconds.
  path: Assets/Prefeb/Sprite-Projetil.prefab
  artifactKey: Guid(cb549031c603b0f4cae81f620a6e7a28) Importer(815301076,1909f56bfc062723c751e8b465ee728b)
Start importing Assets/Prefeb/Sprite-Projetil.prefab using Guid(cb549031c603b0f4cae81f620a6e7a28) Importer(815301076,1909f56bfc062723c751e8b465ee728b)  -> (artifact id: '325bd03d598736ff473e3db545bcb591') in 0.009095 seconds 
========================================================================
Received Import Request.
  Time since last request: 13.864284 seconds.
  path: Assets/Prefeb/Sprite-Projetil.prefab
  artifactKey: Guid(cb549031c603b0f4cae81f620a6e7a28) Importer(815301076,1909f56bfc062723c751e8b465ee728b)
Start importing Assets/Prefeb/Sprite-Projetil.prefab using Guid(cb549031c603b0f4cae81f620a6e7a28) Importer(815301076,1909f56bfc062723c751e8b465ee728b)  -> (artifact id: 'c826496696f4c00d2be8d57fc36b1989') in 0.008258 seconds 
========================================================================
Received Prepare
Registering precompiled user dll's ...
Registered in 0.006063 seconds.
Begin MonoManager ReloadAssembly
Symbol file LoadedFromMemory doesn't match image F:\Git_Study\TCCMuitoFofo\TCC MUITO FOFO\Library\PackageCache\com.unity.visualscripting@1.8.0\Editor\VisualScripting.Core\Dependencies\YamlDotNet\Unity.VisualScripting.YamlDotNet.dll
Symbol file LoadedFromMemory doesn't match image F:\Git_Study\TCCMuitoFofo\TCC MUITO FOFO\Library\PackageCache\com.unity.visualscripting@1.8.0\Editor\VisualScripting.Core\Dependencies\DotNetZip\Unity.VisualScripting.IonicZip.dll
Native extension for WindowsStandalone target not found
Native extension for Android target not found
Native extension for WebGL target not found
Refreshing native plugins compatible for Editor in 1.43 ms, found 8 plugins.
Preloading 0 native plugins for Editor in 0.00 ms.
Mono: successfully reloaded assembly
- Completed reload, in  1.240 seconds
Domain Reload Profiling:
	ReloadAssembly (1240ms)
		BeginReloadAssembly (129ms)
			ExecutionOrderSort (0ms)
			DisableScriptedObjects (7ms)
			BackupInstance (0ms)
			ReleaseScriptingObjects (0ms)
			CreateAndSetChildDomain (39ms)
		EndReloadAssembly (1030ms)
			LoadAssemblies (103ms)
			RebuildTransferFunctionScriptingTraits (0ms)
			SetupTypeCache (284ms)
			ReleaseScriptCaches (3ms)
			RebuildScriptCaches (62ms)
			SetupLoadedEditorAssemblies (483ms)
				LogAssemblyErrors (0ms)
				InitializePlatformSupportModulesInManaged (30ms)
				SetLoadedEditorAssemblies (0ms)
				RefreshPlugins (2ms)
				BeforeProcessingInitializeOnLoad (101ms)
				ProcessInitializeOnLoadAttributes (250ms)
				ProcessInitializeOnLoadMethodAttributes (89ms)
				AfterProcessingInitializeOnLoad (9ms)
				EditorAssembliesLoaded (0ms)
			ExecutionOrderSort2 (0ms)
			AwakeInstancesAfterBackupRestoration (17ms)
Platform modules already initialized, skipping
Refreshing native plugins compatible for Editor in 4.13 ms, found 8 plugins.
Preloading 0 native plugins for Editor in 0.00 ms.
Unloading 5773 Unused Serialized files (Serialized files now loaded: 0)
Unloading 37 unused Assets / (0.8 MB). Loaded Objects now: 6531.
Memory consumption went from 307.4 MB to 306.6 MB.
Total: 5.580700 ms (FindLiveObjects: 0.686200 ms CreateObjectMapping: 0.210300 ms MarkObjects: 4.224600 ms  DeleteObjects: 0.458500 ms)

AssetImportParameters requested are different than current active one (requested -> active):
  custom:video-decoder-ogg-theora: a1e56fd34408186e4bbccfd4996cb3dc -> 
  custom:container-muxer-webm: aa71ff27fc2769a1b78a27578f13a17b -> 
  custom:container-demuxer-webm: 4f35f7cbe854078d1ac9338744f61a02 -> 
  custom:video-encoder-webm-vp8: eb34c28f22e8b96e1ab97ce403110664 -> 
  custom:audio-encoder-webm-vorbis: bf7c407c2cedff20999df2af8eb42d56 -> 
  custom:framework-win-MediaFoundation: 216162199b28c13a410421893ffa2e32 -> 
  custom:container-demuxer-ogg: 62fdf1f143b41e24485cea50d1cbac27 -> 
  custom:video-decoder-webm-vp8: 9c59270c3fd7afecdb556c50c9e8de78 -> 
  custom:audio-decoder-ogg-vorbis: bf7c407c2cedff20999df2af8eb42d56 -> 
========================================================================
Received Import Request.
  Time since last request: 66.149971 seconds.
  path: Assets/Prefeb/Sprite-Projetil.prefab
  artifactKey: Guid(cb549031c603b0f4cae81f620a6e7a28) Importer(815301076,1909f56bfc062723c751e8b465ee728b)
Start importing Assets/Prefeb/Sprite-Projetil.prefab using Guid(cb549031c603b0f4cae81f620a6e7a28) Importer(815301076,1909f56bfc062723c751e8b465ee728b)  -> (artifact id: '6d6e56a86b03d4459af51d86dff62109') in 0.150448 seconds 
========================================================================
Received Import Request.
  Time since last request: 43.135049 seconds.
  path: Assets/Prefeb/Sprite-Projetil.prefab
  artifactKey: Guid(cb549031c603b0f4cae81f620a6e7a28) Importer(815301076,1909f56bfc062723c751e8b465ee728b)
Start importing Assets/Prefeb/Sprite-Projetil.prefab using Guid(cb549031c603b0f4cae81f620a6e7a28) Importer(815301076,1909f56bfc062723c751e8b465ee728b)  -> (artifact id: '423bd8a072a52ea72f8724320e5d0835') in 0.008426 seconds 
========================================================================
Received Import Request.
  Time since last request: 19.192911 seconds.
  path: Assets/Prefeb/Sprite-Projetil.prefab
  artifactKey: Guid(cb549031c603b0f4cae81f620a6e7a28) Importer(815301076,1909f56bfc062723c751e8b465ee728b)
Start importing Assets/Prefeb/Sprite-Projetil.prefab using Guid(cb549031c603b0f4cae81f620a6e7a28) Importer(815301076,1909f56bfc062723c751e8b465ee728b)  -> (artifact id: '0d495cfc116b7b4b2ffca50d1574dd44') in 0.007702 seconds 
========================================================================
Received Prepare
Registering precompiled user dll's ...
Registered in 0.007824 seconds.
Begin MonoManager ReloadAssembly
Symbol file LoadedFromMemory doesn't match image F:\Git_Study\TCCMuitoFofo\TCC MUITO FOFO\Library\PackageCache\com.unity.visualscripting@1.8.0\Editor\VisualScripting.Core\Dependencies\YamlDotNet\Unity.VisualScripting.YamlDotNet.dll
Symbol file LoadedFromMemory doesn't match image F:\Git_Study\TCCMuitoFofo\TCC MUITO FOFO\Library\PackageCache\com.unity.visualscripting@1.8.0\Editor\VisualScripting.Core\Dependencies\DotNetZip\Unity.VisualScripting.IonicZip.dll
Native extension for WindowsStandalone target not found
Native extension for Android target not found
Native extension for WebGL target not found
Refreshing native plugins compatible for Editor in 1.79 ms, found 8 plugins.
Preloading 0 native plugins for Editor in 0.00 ms.
Mono: successfully reloaded assembly
- Completed reload, in  1.303 seconds
Domain Reload Profiling:
	ReloadAssembly (1304ms)
		BeginReloadAssembly (129ms)
			ExecutionOrderSort (0ms)
			DisableScriptedObjects (7ms)
			BackupInstance (0ms)
			ReleaseScriptingObjects (0ms)
			CreateAndSetChildDomain (40ms)
		EndReloadAssembly (1070ms)
			LoadAssemblies (101ms)
			RebuildTransferFunctionScriptingTraits (0ms)
			SetupTypeCache (290ms)
			ReleaseScriptCaches (3ms)
			RebuildScriptCaches (66ms)
			SetupLoadedEditorAssemblies (499ms)
				LogAssemblyErrors (0ms)
				InitializePlatformSupportModulesInManaged (30ms)
				SetLoadedEditorAssemblies (0ms)
				RefreshPlugins (2ms)
				BeforeProcessingInitializeOnLoad (111ms)
				ProcessInitializeOnLoadAttributes (259ms)
				ProcessInitializeOnLoadMethodAttributes (88ms)
				AfterProcessingInitializeOnLoad (8ms)
				EditorAssembliesLoaded (0ms)
			ExecutionOrderSort2 (0ms)
			AwakeInstancesAfterBackupRestoration (17ms)
Platform modules already initialized, skipping
Refreshing native plugins compatible for Editor in 5.62 ms, found 8 plugins.
Preloading 0 native plugins for Editor in 0.00 ms.
Unloading 5773 Unused Serialized files (Serialized files now loaded: 0)
Unloading 37 unused Assets / (0.9 MB). Loaded Objects now: 6587.
Memory consumption went from 307.6 MB to 306.7 MB.
Total: 7.405600 ms (FindLiveObjects: 1.021300 ms CreateObjectMapping: 0.236600 ms MarkObjects: 5.244000 ms  DeleteObjects: 0.902300 ms)

AssetImportParameters requested are different than current active one (requested -> active):
  custom:video-decoder-ogg-theora: a1e56fd34408186e4bbccfd4996cb3dc -> 
  custom:container-muxer-webm: aa71ff27fc2769a1b78a27578f13a17b -> 
  custom:container-demuxer-webm: 4f35f7cbe854078d1ac9338744f61a02 -> 
  custom:video-encoder-webm-vp8: eb34c28f22e8b96e1ab97ce403110664 -> 
  custom:audio-encoder-webm-vorbis: bf7c407c2cedff20999df2af8eb42d56 -> 
  custom:framework-win-MediaFoundation: 216162199b28c13a410421893ffa2e32 -> 
  custom:container-demuxer-ogg: 62fdf1f143b41e24485cea50d1cbac27 -> 
  custom:video-decoder-webm-vp8: 9c59270c3fd7afecdb556c50c9e8de78 -> 
  custom:audio-decoder-ogg-vorbis: bf7c407c2cedff20999df2af8eb42d56 -> 
========================================================================
Received Import Request.
  Time since last request: 92.040595 seconds.
  path: Assets/Prefeb/Sprite-Projetil.prefab
  artifactKey: Guid(cb549031c603b0f4cae81f620a6e7a28) Importer(815301076,1909f56bfc062723c751e8b465ee728b)
Start importing Assets/Prefeb/Sprite-Projetil.prefab using Guid(cb549031c603b0f4cae81f620a6e7a28) Importer(815301076,1909f56bfc062723c751e8b465ee728b)  -> (artifact id: '8107063674b64b185cced39a3bad2186') in 0.151142 seconds 
========================================================================
Received Import Request.
  Time since last request: 3.146048 seconds.
  path: Assets/Prefeb/Sprite-Projetil.prefab
  artifactKey: Guid(cb549031c603b0f4cae81f620a6e7a28) Importer(815301076,1909f56bfc062723c751e8b465ee728b)
Start importing Assets/Prefeb/Sprite-Projetil.prefab using Guid(cb549031c603b0f4cae81f620a6e7a28) Importer(815301076,1909f56bfc062723c751e8b465ee728b)  -> (artifact id: '735efcd877d0d8f44ade688371c32827') in 0.010986 seconds 
========================================================================
Received Import Request.
  Time since last request: 1.489365 seconds.
  path: Assets/Sprite/Player/PlayerCowBoy/Sprite-Projetil.png
  artifactKey: Guid(9aade2602c44ef64dbaf9de6122d630e) Importer(815301076,1909f56bfc062723c751e8b465ee728b)
Start importing Assets/Sprite/Player/PlayerCowBoy/Sprite-Projetil.png using Guid(9aade2602c44ef64dbaf9de6122d630e) Importer(815301076,1909f56bfc062723c751e8b465ee728b)  -> (artifact id: 'ff3171a8a78a3b3846bc9e7c310b9408') in 0.021184 seconds 
========================================================================
Received Import Request.
  Time since last request: 5.920158 seconds.
  path: Packages/com.unity.timeline/Editor/StyleSheets/Images/Icons/TrackCurvesButtonDisabled@2x.png
  artifactKey: Guid(a383d8b1327c9254896ad76d6efaf357) Importer(815301076,1909f56bfc062723c751e8b465ee728b)
Start importing Packages/com.unity.timeline/Editor/StyleSheets/Images/Icons/TrackCurvesButtonDisabled@2x.png using Guid(a383d8b1327c9254896ad76d6efaf357) Importer(815301076,1909f56bfc062723c751e8b465ee728b)  -> (artifact id: 'a10c8781dcf2f6de3e04e2b54be9a59f') in 0.043562 seconds 
========================================================================
Received Import Request.
  Time since last request: 99.814932 seconds.
  path: Assets/Sprite/Player/PlayerCowBoy/Sprite-Projetil 1.png
  artifactKey: Guid(472b851495b5bad4a98b010f91a3e2ee) Importer(815301076,1909f56bfc062723c751e8b465ee728b)
Start importing Assets/Sprite/Player/PlayerCowBoy/Sprite-Projetil 1.png using Guid(472b851495b5bad4a98b010f91a3e2ee) Importer(815301076,1909f56bfc062723c751e8b465ee728b)  -> (artifact id: '2a721d3ce3bfa10c494a43b894744a21') in 0.009996 seconds 
========================================================================
Received Import Request.
  Time since last request: 18.855295 seconds.
  path: Assets/Sprite/Player/PlayerCowBoy/Sprite-Projetil.png
  artifactKey: Guid(472b851495b5bad4a98b010f91a3e2ee) Importer(815301076,1909f56bfc062723c751e8b465ee728b)
Start importing Assets/Sprite/Player/PlayerCowBoy/Sprite-Projetil.png using Guid(472b851495b5bad4a98b010f91a3e2ee) Importer(815301076,1909f56bfc062723c751e8b465ee728b)  -> (artifact id: 'b5de7c5b92eac24bee5c80fe87bb719d') in 0.006283 seconds 
========================================================================
Received Import Request.
  Time since last request: 4.433539 seconds.
  path: Assets/Prefeb/Sprite-Projetil.prefab
  artifactKey: Guid(cb549031c603b0f4cae81f620a6e7a28) Importer(815301076,1909f56bfc062723c751e8b465ee728b)
Start importing Assets/Prefeb/Sprite-Projetil.prefab using Guid(cb549031c603b0f4cae81f620a6e7a28) Importer(815301076,1909f56bfc062723c751e8b465ee728b)  -> (artifact id: '6972e632e91a8d1772c7910707a06cc6') in 0.003281 seconds 
========================================================================
Received Import Request.
  Time since last request: 5.170558 seconds.
  path: Assets/Prefeb/Sprite-Projetil.prefab
  artifactKey: Guid(cb549031c603b0f4cae81f620a6e7a28) Importer(815301076,1909f56bfc062723c751e8b465ee728b)
Start importing Assets/Prefeb/Sprite-Projetil.prefab using Guid(cb549031c603b0f4cae81f620a6e7a28) Importer(815301076,1909f56bfc062723c751e8b465ee728b)  -> (artifact id: 'b027118aea125140ff6d5f4617c2d9ee') in 0.008197 seconds 
========================================================================
Received Import Request.
  Time since last request: 19.536688 seconds.
  path: Assets/URP/2D_Render.asset
  artifactKey: Guid(c8dc9920eaab9fb4bbba768ab4b07d33) Importer(815301076,1909f56bfc062723c751e8b465ee728b)
Start importing Assets/URP/2D_Render.asset using Guid(c8dc9920eaab9fb4bbba768ab4b07d33) Importer(815301076,1909f56bfc062723c751e8b465ee728b)  -> (artifact id: '9b3d4ec477cecdca3ee2ab62a1000c37') in 0.007957 seconds 
