Using pre-set license
Built from '2021.3/staging' branch; Version is '2021.3.18f1 (3129e69bc0c7) revision 3221990'; Using compiler version '192829333'; Build Type 'Release'
OS: 'Windows 10  (10.0.19045) 64bit CoreSingleLanguage' Language: 'pt' Physical Memory: 15663 MB
BatchMode: 1, IsHumanControllingUs: 0, StartBugReporterOnCrash: 0, Is64bit: 1, IsPro: 1

COMMAND LINE ARGUMENTS:
C:\Program Files\Unity\Hub\Editor\2021.3.18f1\Editor\Unity.exe
-adb2
-batchMode
-noUpm
-name
AssetImportWorker8
-projectPath
F:/Git_Study/TCCMuitoFofo/TCC MUITO FOFO
-logFile
Logs/AssetImportWorker8.log
-srvPort
55100
Successfully changed project path to: F:/Git_Study/TCCMuitoFofo/TCC MUITO FOFO
F:/Git_Study/TCCMuitoFofo/TCC MUITO FOFO
[UnityMemory] Configuration Parameters - Can be set up in boot.config
    "memorysetup-bucket-allocator-granularity=16"
    "memorysetup-bucket-allocator-bucket-count=8"
    "memorysetup-bucket-allocator-block-size=33554432"
    "memorysetup-bucket-allocator-block-count=8"
    "memorysetup-main-allocator-block-size=16777216"
    "memorysetup-thread-allocator-block-size=16777216"
    "memorysetup-gfx-main-allocator-block-size=16777216"
    "memorysetup-gfx-thread-allocator-block-size=16777216"
    "memorysetup-cache-allocator-block-size=4194304"
    "memorysetup-typetree-allocator-block-size=2097152"
    "memorysetup-profiler-bucket-allocator-granularity=16"
    "memorysetup-profiler-bucket-allocator-bucket-count=8"
    "memorysetup-profiler-bucket-allocator-block-size=33554432"
    "memorysetup-profiler-bucket-allocator-block-count=8"
    "memorysetup-profiler-allocator-block-size=16777216"
    "memorysetup-profiler-editor-allocator-block-size=1048576"
    "memorysetup-temp-allocator-size-main=16777216"
    "memorysetup-job-temp-allocator-block-size=2097152"
    "memorysetup-job-temp-allocator-block-size-background=1048576"
    "memorysetup-job-temp-allocator-reduction-small-platforms=262144"
    "memorysetup-temp-allocator-size-background-worker=32768"
    "memorysetup-temp-allocator-size-job-worker=262144"
    "memorysetup-temp-allocator-size-preload-manager=33554432"
    "memorysetup-temp-allocator-size-nav-mesh-worker=65536"
    "memorysetup-temp-allocator-size-audio-worker=65536"
    "memorysetup-temp-allocator-size-cloud-worker=32768"
    "memorysetup-temp-allocator-size-gi-baking-worker=262144"
    "memorysetup-temp-allocator-size-gfx=262144"
Player connection [16760] Host "[IP] 10.0.0.103 [Port] 0 [Flags] 2 [Guid] 3803138935 [EditorId] 3803138935 [Version] 1048832 [Id] WindowsEditor(7,DESKTOP-J8UR71B) [Debug] 1 [PackageName] WindowsEditor [ProjectName] Editor" joined multi-casting on [225.0.0.222:54997]...

Player connection [16760] Host "[IP] 10.0.0.103 [Port] 0 [Flags] 2 [Guid] 3803138935 [EditorId] 3803138935 [Version] 1048832 [Id] WindowsEditor(7,DESKTOP-J8UR71B) [Debug] 1 [PackageName] WindowsEditor [ProjectName] Editor" joined alternative multi-casting on [225.0.0.222:34997]...

Refreshing native plugins compatible for Editor in 108.30 ms, found 8 plugins.
Preloading 0 native plugins for Editor in 0.00 ms.
Initialize engine version: 2021.3.18f1 (3129e69bc0c7)
[Subsystems] Discovering subsystems at path C:/Program Files/Unity/Hub/Editor/2021.3.18f1/Editor/Data/Resources/UnitySubsystems
[Subsystems] Discovering subsystems at path F:/Git_Study/TCCMuitoFofo/TCC MUITO FOFO/Assets
GfxDevice: creating device client; threaded=0; jobified=0
Direct3D:
    Version:  Direct3D 11.0 [level 11.1]
    Renderer: AMD Radeon(TM) Graphics (ID=0x1638)
    Vendor:   ATI
    VRAM:     7831 MB
    Driver:   31.0.12042.4
Initialize mono
Mono path[0] = 'C:/Program Files/Unity/Hub/Editor/2021.3.18f1/Editor/Data/Managed'
Mono path[1] = 'C:/Program Files/Unity/Hub/Editor/2021.3.18f1/Editor/Data/MonoBleedingEdge/lib/mono/unityjit-win32'
Mono config path = 'C:/Program Files/Unity/Hub/Editor/2021.3.18f1/Editor/Data/MonoBleedingEdge/etc'
Using monoOptions --debugger-agent=transport=dt_socket,embedding=1,server=y,suspend=n,address=127.0.0.1:56708
Begin MonoManager ReloadAssembly
Registering precompiled unity dll's ...
Register platform support module: C:/Program Files/Unity/Hub/Editor/2021.3.18f1/Editor/Data/PlaybackEngines/WebGLSupport/UnityEditor.WebGL.Extensions.dll
Register platform support module: C:/Program Files/Unity/Hub/Editor/2021.3.18f1/Editor/Data/PlaybackEngines/AndroidPlayer/UnityEditor.Android.Extensions.dll
Register platform support module: C:/Program Files/Unity/Hub/Editor/2021.3.18f1/Editor/Data/PlaybackEngines/WindowsStandaloneSupport/UnityEditor.WindowsStandalone.Extensions.dll
Registered in 0.008169 seconds.
Native extension for WindowsStandalone target not found
Native extension for Android target not found
Android Extension - Scanning For ADB Devices 229 ms
Native extension for WebGL target not found
Refreshing native plugins compatible for Editor in 103.12 ms, found 8 plugins.
Preloading 0 native plugins for Editor in 0.00 ms.
Mono: successfully reloaded assembly
- Completed reload, in  0.805 seconds
Domain Reload Profiling:
	ReloadAssembly (805ms)
		BeginReloadAssembly (72ms)
			ExecutionOrderSort (0ms)
			DisableScriptedObjects (0ms)
			BackupInstance (0ms)
			ReleaseScriptingObjects (0ms)
			CreateAndSetChildDomain (1ms)
		EndReloadAssembly (640ms)
			LoadAssemblies (71ms)
			RebuildTransferFunctionScriptingTraits (0ms)
			SetupTypeCache (83ms)
			ReleaseScriptCaches (0ms)
			RebuildScriptCaches (22ms)
			SetupLoadedEditorAssemblies (492ms)
				LogAssemblyErrors (0ms)
				InitializePlatformSupportModulesInManaged (284ms)
				SetLoadedEditorAssemblies (0ms)
				RefreshPlugins (103ms)
				BeforeProcessingInitializeOnLoad (1ms)
				ProcessInitializeOnLoadAttributes (70ms)
				ProcessInitializeOnLoadMethodAttributes (34ms)
				AfterProcessingInitializeOnLoad (0ms)
				EditorAssembliesLoaded (0ms)
			ExecutionOrderSort2 (0ms)
			AwakeInstancesAfterBackupRestoration (0ms)
Platform modules already initialized, skipping
Registering precompiled user dll's ...
Registered in 0.006312 seconds.
Begin MonoManager ReloadAssembly
Symbol file LoadedFromMemory doesn't match image F:\Git_Study\TCCMuitoFofo\TCC MUITO FOFO\Library\PackageCache\com.unity.visualscripting@1.8.0\Editor\VisualScripting.Core\Dependencies\YamlDotNet\Unity.VisualScripting.YamlDotNet.dll
Symbol file LoadedFromMemory doesn't match image F:\Git_Study\TCCMuitoFofo\TCC MUITO FOFO\Library\PackageCache\com.unity.visualscripting@1.8.0\Editor\VisualScripting.Core\Dependencies\DotNetZip\Unity.VisualScripting.IonicZip.dll
Native extension for WindowsStandalone target not found
Native extension for Android target not found
Native extension for WebGL target not found
Refreshing native plugins compatible for Editor in 101.63 ms, found 8 plugins.
Preloading 0 native plugins for Editor in 0.00 ms.
Mono: successfully reloaded assembly
- Completed reload, in  1.155 seconds
Domain Reload Profiling:
	ReloadAssembly (1156ms)
		BeginReloadAssembly (96ms)
			ExecutionOrderSort (0ms)
			DisableScriptedObjects (5ms)
			BackupInstance (0ms)
			ReleaseScriptingObjects (0ms)
			CreateAndSetChildDomain (18ms)
		EndReloadAssembly (962ms)
			LoadAssemblies (88ms)
			RebuildTransferFunctionScriptingTraits (0ms)
			SetupTypeCache (222ms)
			ReleaseScriptCaches (1ms)
			RebuildScriptCaches (57ms)
			SetupLoadedEditorAssemblies (562ms)
				LogAssemblyErrors (0ms)
				InitializePlatformSupportModulesInManaged (16ms)
				SetLoadedEditorAssemblies (0ms)
				RefreshPlugins (102ms)
				BeforeProcessingInitializeOnLoad (111ms)
				ProcessInitializeOnLoadAttributes (223ms)
				ProcessInitializeOnLoadMethodAttributes (102ms)
				AfterProcessingInitializeOnLoad (8ms)
				EditorAssembliesLoaded (0ms)
			ExecutionOrderSort2 (0ms)
			AwakeInstancesAfterBackupRestoration (6ms)
Platform modules already initialized, skipping
========================================================================
Worker process is ready to serve import requests
Launched and connected shader compiler UnityShaderCompiler.exe after 0.03 seconds
Refreshing native plugins compatible for Editor in 1.04 ms, found 8 plugins.
Preloading 0 native plugins for Editor in 0.00 ms.
Unloading 5913 Unused Serialized files (Serialized files now loaded: 0)
Unloading 61 unused Assets / (0.8 MB). Loaded Objects now: 6384.
Memory consumption went from 311.2 MB to 310.4 MB.
Total: 3.814300 ms (FindLiveObjects: 0.443400 ms CreateObjectMapping: 0.151800 ms MarkObjects: 2.838600 ms  DeleteObjects: 0.379800 ms)

AssetImportParameters requested are different than current active one (requested -> active):
  custom:video-decoder-ogg-theora: a1e56fd34408186e4bbccfd4996cb3dc -> 
  custom:container-muxer-webm: aa71ff27fc2769a1b78a27578f13a17b -> 
  custom:container-demuxer-webm: 4f35f7cbe854078d1ac9338744f61a02 -> 
  custom:video-encoder-webm-vp8: eb34c28f22e8b96e1ab97ce403110664 -> 
  custom:AlembicRenderPipelineDependency: fbfa839b080000000000000000000000 -> 
  custom:audio-encoder-webm-vorbis: bf7c407c2cedff20999df2af8eb42d56 -> 
  custom:framework-win-MediaFoundation: 216162199b28c13a410421893ffa2e32 -> 
  custom:container-demuxer-ogg: 62fdf1f143b41e24485cea50d1cbac27 -> 
  custom:video-decoder-webm-vp8: 9c59270c3fd7afecdb556c50c9e8de78 -> 
  custom:audio-decoder-ogg-vorbis: bf7c407c2cedff20999df2af8eb42d56 -> 
========================================================================
Received Import Request.
  Time since last request: 396281.434809 seconds.
  path: Assets/Sprite/Player/PlayerCowBoy/PlayerAttack.png
  artifactKey: Guid(8b20378074b4a58429445306f6e312ee) Importer(815301076,1909f56bfc062723c751e8b465ee728b)
Start importing Assets/Sprite/Player/PlayerCowBoy/PlayerAttack.png using Guid(8b20378074b4a58429445306f6e312ee) Importer(815301076,1909f56bfc062723c751e8b465ee728b)  -> (artifact id: '87123b9e636db17137663dcb015e9a92') in 0.084097 seconds 
========================================================================
Received Import Request.
  Time since last request: 215.438737 seconds.
  path: Assets/Sprite/Player/PlayerCowBoy/PlayerAttack.png
  artifactKey: Guid(8b20378074b4a58429445306f6e312ee) Importer(815301076,1909f56bfc062723c751e8b465ee728b)
Start importing Assets/Sprite/Player/PlayerCowBoy/PlayerAttack.png using Guid(8b20378074b4a58429445306f6e312ee) Importer(815301076,1909f56bfc062723c751e8b465ee728b)  -> (artifact id: '8e67fcc95db23f03de6fad59633fe21c') in 0.014417 seconds 
========================================================================
Received Import Request.
  Time since last request: 10.305944 seconds.
  path: Assets/Sprite/Player/PlayerCowBoy/Sprite-cowboy_tiro.png
  artifactKey: Guid(09026279f49d25b44a82a92286ca5df7) Importer(815301076,1909f56bfc062723c751e8b465ee728b)
Start importing Assets/Sprite/Player/PlayerCowBoy/Sprite-cowboy_tiro.png using Guid(09026279f49d25b44a82a92286ca5df7) Importer(815301076,1909f56bfc062723c751e8b465ee728b)  -> (artifact id: '08e47b5e4a3b8ab96fb82abbfc6ba003') in 0.008518 seconds 
========================================================================
Received Import Request.
  Time since last request: 22.700101 seconds.
  path: Assets/Sprite/Player/PlayerCowBoy/Sprite-cowboy_tiro.png
  artifactKey: Guid(09026279f49d25b44a82a92286ca5df7) Importer(815301076,1909f56bfc062723c751e8b465ee728b)
Start importing Assets/Sprite/Player/PlayerCowBoy/Sprite-cowboy_tiro.png using Guid(09026279f49d25b44a82a92286ca5df7) Importer(815301076,1909f56bfc062723c751e8b465ee728b)  -> (artifact id: '60989c126ec2cdceacbc30c754d52ab5') in 0.005435 seconds 
========================================================================
Received Import Request.
  Time since last request: 6.372578 seconds.
  path: Assets/Sprite/Player/PlayerCowBoy/Sprite-cowboy_tiro.png
  artifactKey: Guid(09026279f49d25b44a82a92286ca5df7) Importer(815301076,1909f56bfc062723c751e8b465ee728b)
Start importing Assets/Sprite/Player/PlayerCowBoy/Sprite-cowboy_tiro.png using Guid(09026279f49d25b44a82a92286ca5df7) Importer(815301076,1909f56bfc062723c751e8b465ee728b)  -> (artifact id: 'bc30e79090fe564a75dab4bc8ae68361') in 0.012255 seconds 
========================================================================
Received Import Request.
  Time since last request: 22.273467 seconds.
  path: Assets/Sprite/Player/PlayerCowBoy/Sprite-cowboy_tiro.png
  artifactKey: Guid(09026279f49d25b44a82a92286ca5df7) Importer(815301076,1909f56bfc062723c751e8b465ee728b)
Start importing Assets/Sprite/Player/PlayerCowBoy/Sprite-cowboy_tiro.png using Guid(09026279f49d25b44a82a92286ca5df7) Importer(815301076,1909f56bfc062723c751e8b465ee728b)  -> (artifact id: '949894b54f680fe46ced9caead23f85b') in 0.013060 seconds 
========================================================================
Received Import Request.
  Time since last request: 28.863158 seconds.
  path: Assets/Animations/Player/PlayerAttack.anim
  artifactKey: Guid(1b647a72c1169c444996c4fdd73cb849) Importer(815301076,1909f56bfc062723c751e8b465ee728b)
Start importing Assets/Animations/Player/PlayerAttack.anim using Guid(1b647a72c1169c444996c4fdd73cb849) Importer(815301076,1909f56bfc062723c751e8b465ee728b)  -> (artifact id: '226b1af0fd9850ec717cb30a155601ef') in 0.004252 seconds 
========================================================================
Received Import Request.
  Time since last request: 10.315649 seconds.
  path: Assets/Animations/Player/Player.controller
  artifactKey: Guid(9af2f31222f8cb345b3da653c26b321a) Importer(815301076,1909f56bfc062723c751e8b465ee728b)
Start importing Assets/Animations/Player/Player.controller using Guid(9af2f31222f8cb345b3da653c26b321a) Importer(815301076,1909f56bfc062723c751e8b465ee728b)  -> (artifact id: '8a8ec51cf8d2ebf3105a8e6fb8ce653a') in 0.008679 seconds 
========================================================================
Received Import Request.
  Time since last request: 4.307099 seconds.
  path: Assets/Sprite/Player/PlayerCowBoy/Sprite-cowboy_tiro.png
  artifactKey: Guid(09026279f49d25b44a82a92286ca5df7) Importer(815301076,1909f56bfc062723c751e8b465ee728b)
Start importing Assets/Sprite/Player/PlayerCowBoy/Sprite-cowboy_tiro.png using Guid(09026279f49d25b44a82a92286ca5df7) Importer(815301076,1909f56bfc062723c751e8b465ee728b)  -> (artifact id: '09272c704eeeab1ace9a709dbe2ab527') in 0.012088 seconds 
========================================================================
Received Import Request.
  Time since last request: 255.675460 seconds.
  path: Assets/Sprite/Player/PlayerCowBoy/PlayerCowboy.aseprite
  artifactKey: Guid(c9a639794b0fc2f438d329488a762a39) Importer(815301076,1909f56bfc062723c751e8b465ee728b)
Start importing Assets/Sprite/Player/PlayerCowBoy/PlayerCowboy.aseprite using Guid(c9a639794b0fc2f438d329488a762a39) Importer(815301076,1909f56bfc062723c751e8b465ee728b)  -> (artifact id: '13c504884af3200868d4be53034e4cbb') in 0.008681 seconds 
========================================================================
Received Import Request.
  Time since last request: 32.744760 seconds.
  path: Assets/Sprite/Player/PlayerCowBoy/PlayerCowboy.aseprite
  artifactKey: Guid(c9a639794b0fc2f438d329488a762a39) Importer(815301076,1909f56bfc062723c751e8b465ee728b)
Start importing Assets/Sprite/Player/PlayerCowBoy/PlayerCowboy.aseprite using Guid(c9a639794b0fc2f438d329488a762a39) Importer(815301076,1909f56bfc062723c751e8b465ee728b)  -> (artifact id: 'e118f762dfb18321a392f2632922e204') in 0.071781 seconds 
========================================================================
Received Import Request.
  Time since last request: 73.101601 seconds.
  path: Assets/Sprite/Player/PlayerCowBoy/PlayerCowboy-Sheet.png
  artifactKey: Guid(a47664a8840e06945919aeff40feac0b) Importer(815301076,1909f56bfc062723c751e8b465ee728b)
Start importing Assets/Sprite/Player/PlayerCowBoy/PlayerCowboy-Sheet.png using Guid(a47664a8840e06945919aeff40feac0b) Importer(815301076,1909f56bfc062723c751e8b465ee728b)  -> (artifact id: '0930de081fdeab924ecfac6c2b90958b') in 0.032459 seconds 
========================================================================
Received Import Request.
  Time since last request: 58.708881 seconds.
  path: Assets/Sprite/Player/PlayerCowBoy/PlayerCowboy-Sheet.png
  artifactKey: Guid(a47664a8840e06945919aeff40feac0b) Importer(815301076,1909f56bfc062723c751e8b465ee728b)
Start importing Assets/Sprite/Player/PlayerCowBoy/PlayerCowboy-Sheet.png using Guid(a47664a8840e06945919aeff40feac0b) Importer(815301076,1909f56bfc062723c751e8b465ee728b)  -> (artifact id: 'd081d18d1e69cfd7d129c79f6ab3e0e7') in 0.075412 seconds 
========================================================================
Received Import Request.
  Time since last request: 28.996361 seconds.
  path: Assets/Sprite/Player/PlayerCowBoy/PlayerCowboy-Sheet 1.png
  artifactKey: Guid(53a535588455eb04db920e4df114b98c) Importer(815301076,1909f56bfc062723c751e8b465ee728b)
Start importing Assets/Sprite/Player/PlayerCowBoy/PlayerCowboy-Sheet 1.png using Guid(53a535588455eb04db920e4df114b98c) Importer(815301076,1909f56bfc062723c751e8b465ee728b)  -> (artifact id: '3dd187aa5522abddd22ff24de35689ef') in 0.012767 seconds 
========================================================================
Received Import Request.
  Time since last request: 96.459555 seconds.
  path: Assets/Sprite/Player/PlayerCowBoy/PlayerCowboy_Emision.png
  artifactKey: Guid(53a535588455eb04db920e4df114b98c) Importer(815301076,1909f56bfc062723c751e8b465ee728b)
Start importing Assets/Sprite/Player/PlayerCowBoy/PlayerCowboy_Emision.png using Guid(53a535588455eb04db920e4df114b98c) Importer(815301076,1909f56bfc062723c751e8b465ee728b)  -> (artifact id: 'c652e44a41f4f093723de343e20009da') in 0.013042 seconds 
========================================================================
Received Import Request.
  Time since last request: 12.528165 seconds.
  path: Assets/Sprite/Player/PlayerCowBoy/PlayerCowboy-Sheet.png
  artifactKey: Guid(a47664a8840e06945919aeff40feac0b) Importer(815301076,1909f56bfc062723c751e8b465ee728b)
Start importing Assets/Sprite/Player/PlayerCowBoy/PlayerCowboy-Sheet.png using Guid(a47664a8840e06945919aeff40feac0b) Importer(815301076,1909f56bfc062723c751e8b465ee728b)  -> (artifact id: 'addd36503b4a230267d5dc284ec64056') in 0.007817 seconds 
========================================================================
Received Import Request.
  Time since last request: 85.214535 seconds.
  path: Assets/Sprite/Player/PlayerCowBoy/PlayerCowboy-Sheet.png
  artifactKey: Guid(a47664a8840e06945919aeff40feac0b) Importer(815301076,1909f56bfc062723c751e8b465ee728b)
Start importing Assets/Sprite/Player/PlayerCowBoy/PlayerCowboy-Sheet.png using Guid(a47664a8840e06945919aeff40feac0b) Importer(815301076,1909f56bfc062723c751e8b465ee728b)  -> (artifact id: '4ee60ca3c1efdb2f9a7851eaa6ecd128') in 0.025738 seconds 
========================================================================
Received Import Request.
  Time since last request: 35.375738 seconds.
  path: Assets/Animations/Player/PlayerIdle.anim
  artifactKey: Guid(8f7cc4d10b4e9bc49b10e61fcc1ebca6) Importer(815301076,1909f56bfc062723c751e8b465ee728b)
Start importing Assets/Animations/Player/PlayerIdle.anim using Guid(8f7cc4d10b4e9bc49b10e61fcc1ebca6) Importer(815301076,1909f56bfc062723c751e8b465ee728b)  -> (artifact id: '4502863075b432f072757e8b75d13eca') in 0.008472 seconds 
========================================================================
Received Import Request.
  Time since last request: 0.753869 seconds.
  path: Assets/Animations/Player/PlayerRun.anim
  artifactKey: Guid(5abf56a1bf2235a4eb15ff4aabec1ccd) Importer(815301076,1909f56bfc062723c751e8b465ee728b)
Start importing Assets/Animations/Player/PlayerRun.anim using Guid(5abf56a1bf2235a4eb15ff4aabec1ccd) Importer(815301076,1909f56bfc062723c751e8b465ee728b)  -> (artifact id: '45d3eff888a27d11eaeb205709308d62') in 0.002726 seconds 
========================================================================
Received Import Request.
  Time since last request: 1.847995 seconds.
  path: Assets/Animations/Player/PlayerAttack.anim
  artifactKey: Guid(1b647a72c1169c444996c4fdd73cb849) Importer(815301076,1909f56bfc062723c751e8b465ee728b)
Start importing Assets/Animations/Player/PlayerAttack.anim using Guid(1b647a72c1169c444996c4fdd73cb849) Importer(815301076,1909f56bfc062723c751e8b465ee728b)  -> (artifact id: '2ad2783375427188b6d818b598303472') in 0.002649 seconds 
========================================================================
Received Import Request.
  Time since last request: 393.604360 seconds.
  path: Assets/Sprite/Player/PlayerCowBoy/PlayerCowboy_Emision.png
  artifactKey: Guid(53a535588455eb04db920e4df114b98c) Importer(815301076,1909f56bfc062723c751e8b465ee728b)
Start importing Assets/Sprite/Player/PlayerCowBoy/PlayerCowboy_Emision.png using Guid(53a535588455eb04db920e4df114b98c) Importer(815301076,1909f56bfc062723c751e8b465ee728b)  -> (artifact id: '82a82ac65462b3133b3407a3c3667b27') in 0.013054 seconds 
========================================================================
Received Import Request.
  Time since last request: 16.604565 seconds.
  path: Assets/Sprite/Player/PlayerCowBoy/PlayerCowboy_Emision.png
  artifactKey: Guid(53a535588455eb04db920e4df114b98c) Importer(815301076,1909f56bfc062723c751e8b465ee728b)
Start importing Assets/Sprite/Player/PlayerCowBoy/PlayerCowboy_Emision.png using Guid(53a535588455eb04db920e4df114b98c) Importer(815301076,1909f56bfc062723c751e8b465ee728b)  -> (artifact id: '06297ef00df9e884e6f06073db5285a1') in 0.009361 seconds 
========================================================================
Received Import Request.
  Time since last request: 9.232216 seconds.
  path: Assets/Sprite/GlowUnlit.shadergraph
  artifactKey: Guid(13007b5dfc40b2c469ff4d2aab38950d) Importer(815301076,1909f56bfc062723c751e8b465ee728b)
Start importing Assets/Sprite/GlowUnlit.shadergraph using Guid(13007b5dfc40b2c469ff4d2aab38950d) Importer(815301076,1909f56bfc062723c751e8b465ee728b)  -> (artifact id: 'c11d9e10c927bcc61ad200b34a7c3ec8') in 0.003717 seconds 
========================================================================
Received Import Request.
  Time since last request: 42.345118 seconds.
  path: Assets/Sprite/Player/PlayerCowBoy/PlayerCowboy_Emision.png
  artifactKey: Guid(53a535588455eb04db920e4df114b98c) Importer(815301076,1909f56bfc062723c751e8b465ee728b)
Start importing Assets/Sprite/Player/PlayerCowBoy/PlayerCowboy_Emision.png using Guid(53a535588455eb04db920e4df114b98c) Importer(815301076,1909f56bfc062723c751e8b465ee728b)  -> (artifact id: 'd1067ddb4420bcf9476d31314278dad8') in 0.012847 seconds 
========================================================================
Received Import Request.
  Time since last request: 19.087519 seconds.
  path: Assets/Sprite/GlowUnlit.shadergraph
  artifactKey: Guid(13007b5dfc40b2c469ff4d2aab38950d) Importer(815301076,1909f56bfc062723c751e8b465ee728b)
Start importing Assets/Sprite/GlowUnlit.shadergraph using Guid(13007b5dfc40b2c469ff4d2aab38950d) Importer(815301076,1909f56bfc062723c751e8b465ee728b)  -> (artifact id: '6099ca77b404d3ea365416a3a0a0cb0b') in 0.002264 seconds 
========================================================================
Received Import Request.
  Time since last request: 37.576031 seconds.
  path: Assets/Animations/Player/PlayerAttack.anim
  artifactKey: Guid(1b647a72c1169c444996c4fdd73cb849) Importer(815301076,1909f56bfc062723c751e8b465ee728b)
Start importing Assets/Animations/Player/PlayerAttack.anim using Guid(1b647a72c1169c444996c4fdd73cb849) Importer(815301076,1909f56bfc062723c751e8b465ee728b)  -> (artifact id: '0c54a28e20ff88c2f1c6f8833956576e') in 0.002613 seconds 
========================================================================
Received Import Request.
  Time since last request: 0.420227 seconds.
  path: Assets/Animations/Player/PlayerIdle.anim
  artifactKey: Guid(8f7cc4d10b4e9bc49b10e61fcc1ebca6) Importer(815301076,1909f56bfc062723c751e8b465ee728b)
Start importing Assets/Animations/Player/PlayerIdle.anim using Guid(8f7cc4d10b4e9bc49b10e61fcc1ebca6) Importer(815301076,1909f56bfc062723c751e8b465ee728b)  -> (artifact id: '6ac5cbaf8515c8183fdad1b351e3c1c9') in 0.002271 seconds 
========================================================================
Received Import Request.
  Time since last request: 0.417118 seconds.
  path: Assets/Animations/Player/PlayerRun.anim
  artifactKey: Guid(d1c6996203275e64084f962f5c1b6573) Importer(815301076,1909f56bfc062723c751e8b465ee728b)
Start importing Assets/Animations/Player/PlayerRun.anim using Guid(d1c6996203275e64084f962f5c1b6573) Importer(815301076,1909f56bfc062723c751e8b465ee728b)  -> (artifact id: '0ef589dae5410aa42281ecd9fc9019d5') in 0.002875 seconds 
========================================================================
Received Import Request.
  Time since last request: 209.680413 seconds.
  path: Assets/Sprite/Player/PlayerCowBoy/PlayerCowboy_Emision.png
  artifactKey: Guid(53a535588455eb04db920e4df114b98c) Importer(815301076,1909f56bfc062723c751e8b465ee728b)
Start importing Assets/Sprite/Player/PlayerCowBoy/PlayerCowboy_Emision.png using Guid(53a535588455eb04db920e4df114b98c) Importer(815301076,1909f56bfc062723c751e8b465ee728b)  -> (artifact id: '41f6c355caa2bf43fa33ba93251b1f7e') in 0.015830 seconds 
========================================================================
Received Import Request.
  Time since last request: 32.619098 seconds.
  path: Assets/Sprite/Player/PlayerCowBoy/PlayerCowboy_Emision.png
  artifactKey: Guid(53a535588455eb04db920e4df114b98c) Importer(815301076,1909f56bfc062723c751e8b465ee728b)
Start importing Assets/Sprite/Player/PlayerCowBoy/PlayerCowboy_Emision.png using Guid(53a535588455eb04db920e4df114b98c) Importer(815301076,1909f56bfc062723c751e8b465ee728b)  -> (artifact id: '68284494c4b8808d23240a79acd536ea') in 0.010611 seconds 
========================================================================
Received Import Request.
  Time since last request: 78.505966 seconds.
  path: Assets/Sprite/Player/PlayerCowBoy/PlayerCowboy_Emision.png
  artifactKey: Guid(53a535588455eb04db920e4df114b98c) Importer(815301076,1909f56bfc062723c751e8b465ee728b)
Start importing Assets/Sprite/Player/PlayerCowBoy/PlayerCowboy_Emision.png using Guid(53a535588455eb04db920e4df114b98c) Importer(815301076,1909f56bfc062723c751e8b465ee728b)  -> (artifact id: '8639ec49861aac38bd42c0c8d192fcdf') in 0.019279 seconds 
========================================================================
Received Import Request.
  Time since last request: 7.325274 seconds.
  path: Assets/Sprite/Player/PlayerCowBoy/PlayerCowboy_Emision.png
  artifactKey: Guid(53a535588455eb04db920e4df114b98c) Importer(815301076,1909f56bfc062723c751e8b465ee728b)
Start importing Assets/Sprite/Player/PlayerCowBoy/PlayerCowboy_Emision.png using Guid(53a535588455eb04db920e4df114b98c) Importer(815301076,1909f56bfc062723c751e8b465ee728b)  -> (artifact id: '4a875c7141a031d2eba538fff2a097f0') in 0.066579 seconds 
========================================================================
Received Import Request.
  Time since last request: 19.768786 seconds.
  path: Assets/Sprite/Player/PlayerCowBoy/PlayerCowboy_Emision.png
  artifactKey: Guid(53a535588455eb04db920e4df114b98c) Importer(815301076,1909f56bfc062723c751e8b465ee728b)
Start importing Assets/Sprite/Player/PlayerCowBoy/PlayerCowboy_Emision.png using Guid(53a535588455eb04db920e4df114b98c) Importer(815301076,1909f56bfc062723c751e8b465ee728b)  -> (artifact id: '7905f4d54b332be7504c3bf55867adbd') in 0.010305 seconds 
========================================================================
Received Import Request.
  Time since last request: 14.162554 seconds.
  path: Assets/Sprite/Player/PlayerCowBoy/PlayerCowboy_Emision.png
  artifactKey: Guid(53a535588455eb04db920e4df114b98c) Importer(815301076,1909f56bfc062723c751e8b465ee728b)
Start importing Assets/Sprite/Player/PlayerCowBoy/PlayerCowboy_Emision.png using Guid(53a535588455eb04db920e4df114b98c) Importer(815301076,1909f56bfc062723c751e8b465ee728b)  -> (artifact id: '5daac4be09930dee2a3ad3ad7b16f40d') in 0.021948 seconds 
========================================================================
Received Import Request.
  Time since last request: 294.754290 seconds.
  path: Assets/Sprite/GlowUnlit.shadergraph
  artifactKey: Guid(13007b5dfc40b2c469ff4d2aab38950d) Importer(815301076,1909f56bfc062723c751e8b465ee728b)
Start importing Assets/Sprite/GlowUnlit.shadergraph using Guid(13007b5dfc40b2c469ff4d2aab38950d) Importer(815301076,1909f56bfc062723c751e8b465ee728b)  -> (artifact id: 'd6f902df1a4481bce786a8b3b559a9cf') in 0.002852 seconds 
========================================================================
Received Import Request.
  Time since last request: 10.855411 seconds.
  path: Assets/Sprite/GlowUnlit.shadergraph
  artifactKey: Guid(13007b5dfc40b2c469ff4d2aab38950d) Importer(815301076,1909f56bfc062723c751e8b465ee728b)
Start importing Assets/Sprite/GlowUnlit.shadergraph using Guid(13007b5dfc40b2c469ff4d2aab38950d) Importer(815301076,1909f56bfc062723c751e8b465ee728b)  -> (artifact id: '51c699db6f60e56c3084f93721585ec2') in 0.002303 seconds 
========================================================================
Received Import Request.
  Time since last request: 100.109535 seconds.
  path: Assets/Sprite/GlowUnlit.shadergraph
  artifactKey: Guid(13007b5dfc40b2c469ff4d2aab38950d) Importer(815301076,1909f56bfc062723c751e8b465ee728b)
Start importing Assets/Sprite/GlowUnlit.shadergraph using Guid(13007b5dfc40b2c469ff4d2aab38950d) Importer(815301076,1909f56bfc062723c751e8b465ee728b)  -> (artifact id: '701c7c98e7633bb17b01441b89afa702') in 0.002669 seconds 
========================================================================
Received Import Request.
  Time since last request: 169.528797 seconds.
  path: Assets/Sprite/GlowUnlit.shadergraph
  artifactKey: Guid(13007b5dfc40b2c469ff4d2aab38950d) Importer(815301076,1909f56bfc062723c751e8b465ee728b)
Start importing Assets/Sprite/GlowUnlit.shadergraph using Guid(13007b5dfc40b2c469ff4d2aab38950d) Importer(815301076,1909f56bfc062723c751e8b465ee728b)  -> (artifact id: '1eeedef309be74ae937e59a75fab7fad') in 0.002408 seconds 
========================================================================
Received Import Request.
  Time since last request: 88.018670 seconds.
  path: Assets/Sprite/GlowUnlit.shadergraph
  artifactKey: Guid(13007b5dfc40b2c469ff4d2aab38950d) Importer(815301076,1909f56bfc062723c751e8b465ee728b)
Start importing Assets/Sprite/GlowUnlit.shadergraph using Guid(13007b5dfc40b2c469ff4d2aab38950d) Importer(815301076,1909f56bfc062723c751e8b465ee728b)  -> (artifact id: '1feb6a2ef049637dd3208204aa2c90e8') in 0.002620 seconds 
========================================================================
Received Prepare
Registering precompiled user dll's ...
Registered in 0.006776 seconds.
Begin MonoManager ReloadAssembly
Symbol file LoadedFromMemory doesn't match image F:\Git_Study\TCCMuitoFofo\TCC MUITO FOFO\Library\PackageCache\com.unity.visualscripting@1.8.0\Editor\VisualScripting.Core\Dependencies\YamlDotNet\Unity.VisualScripting.YamlDotNet.dll
Symbol file LoadedFromMemory doesn't match image F:\Git_Study\TCCMuitoFofo\TCC MUITO FOFO\Library\PackageCache\com.unity.visualscripting@1.8.0\Editor\VisualScripting.Core\Dependencies\DotNetZip\Unity.VisualScripting.IonicZip.dll
Native extension for WindowsStandalone target not found
Native extension for Android target not found
Native extension for WebGL target not found
Refreshing native plugins compatible for Editor in 1.18 ms, found 8 plugins.
Preloading 0 native plugins for Editor in 0.00 ms.
Mono: successfully reloaded assembly
- Completed reload, in  1.260 seconds
Domain Reload Profiling:
	ReloadAssembly (1260ms)
		BeginReloadAssembly (133ms)
			ExecutionOrderSort (0ms)
			DisableScriptedObjects (6ms)
			BackupInstance (0ms)
			ReleaseScriptingObjects (0ms)
			CreateAndSetChildDomain (42ms)
		EndReloadAssembly (1041ms)
			LoadAssemblies (99ms)
			RebuildTransferFunctionScriptingTraits (0ms)
			SetupTypeCache (303ms)
			ReleaseScriptCaches (3ms)
			RebuildScriptCaches (61ms)
			SetupLoadedEditorAssemblies (508ms)
				LogAssemblyErrors (0ms)
				InitializePlatformSupportModulesInManaged (33ms)
				SetLoadedEditorAssemblies (2ms)
				RefreshPlugins (1ms)
				BeforeProcessingInitializeOnLoad (103ms)
				ProcessInitializeOnLoadAttributes (262ms)
				ProcessInitializeOnLoadMethodAttributes (96ms)
				AfterProcessingInitializeOnLoad (10ms)
				EditorAssembliesLoaded (0ms)
			ExecutionOrderSort2 (0ms)
			AwakeInstancesAfterBackupRestoration (12ms)
Platform modules already initialized, skipping
Refreshing native plugins compatible for Editor in 4.26 ms, found 8 plugins.
Preloading 0 native plugins for Editor in 0.00 ms.
Unloading 5765 Unused Serialized files (Serialized files now loaded: 0)
Unloading 37 unused Assets / (0.9 MB). Loaded Objects now: 6409.
Memory consumption went from 304.3 MB to 303.3 MB.
Total: 4.754600 ms (FindLiveObjects: 0.380000 ms CreateObjectMapping: 0.142600 ms MarkObjects: 3.739100 ms  DeleteObjects: 0.492000 ms)

AssetImportParameters requested are different than current active one (requested -> active):
  custom:video-decoder-ogg-theora: a1e56fd34408186e4bbccfd4996cb3dc -> 
  custom:container-muxer-webm: aa71ff27fc2769a1b78a27578f13a17b -> 
  custom:container-demuxer-webm: 4f35f7cbe854078d1ac9338744f61a02 -> 
  custom:video-encoder-webm-vp8: eb34c28f22e8b96e1ab97ce403110664 -> 
  custom:AlembicRenderPipelineDependency: fbfa839b080000000000000000000000 -> 
  custom:audio-encoder-webm-vorbis: bf7c407c2cedff20999df2af8eb42d56 -> 
  custom:framework-win-MediaFoundation: 216162199b28c13a410421893ffa2e32 -> 
  custom:container-demuxer-ogg: 62fdf1f143b41e24485cea50d1cbac27 -> 
  custom:video-decoder-webm-vp8: 9c59270c3fd7afecdb556c50c9e8de78 -> 
  custom:audio-decoder-ogg-vorbis: bf7c407c2cedff20999df2af8eb42d56 -> 
========================================================================
Received Import Request.
  Time since last request: 70.140580 seconds.
  path: Packages/com.unity.render-pipelines.core/Editor/LookDev/Icons/d_Duplicate.png
  artifactKey: Guid(0d692588b1d40e9429620400bd5efe63) Importer(815301076,1909f56bfc062723c751e8b465ee728b)
Start importing Packages/com.unity.render-pipelines.core/Editor/LookDev/Icons/d_Duplicate.png using Guid(0d692588b1d40e9429620400bd5efe63) Importer(815301076,1909f56bfc062723c751e8b465ee728b)  -> (artifact id: '8acaab51e5cdc5b7bb6ca5e4966b0a65') in 0.056916 seconds 
========================================================================
Received Import Request.
  Time since last request: 0.000032 seconds.
  path: Packages/com.unity.render-pipelines.universal/Editor/2D/Resources/LightCapTopLeft.png
  artifactKey: Guid(f4f779c88fa8c514d970afbd68ff6b3f) Importer(815301076,1909f56bfc062723c751e8b465ee728b)
Start importing Packages/com.unity.render-pipelines.universal/Editor/2D/Resources/LightCapTopLeft.png using Guid(f4f779c88fa8c514d970afbd68ff6b3f) Importer(815301076,1909f56bfc062723c751e8b465ee728b)  -> (artifact id: 'e27fd67fc00a23815544377305bdcde3') in 0.011899 seconds 
========================================================================
Received Import Request.
  Time since last request: 0.000035 seconds.
  path: Packages/com.unity.render-pipelines.core/Editor/LookDev/Icons/Duplicate.png
  artifactKey: Guid(352dd7fc77ee28c479bf6504efe94f16) Importer(815301076,1909f56bfc062723c751e8b465ee728b)
Start importing Packages/com.unity.render-pipelines.core/Editor/LookDev/Icons/Duplicate.png using Guid(352dd7fc77ee28c479bf6504efe94f16) Importer(815301076,1909f56bfc062723c751e8b465ee728b)  -> (artifact id: '5bbb1f543ae44a8cdacaad5885b453eb') in 0.014317 seconds 
========================================================================
Received Import Request.
  Time since last request: 688.712118 seconds.
  path: Assets/Sprite/GlowUnlit.shadergraph
  artifactKey: Guid(13007b5dfc40b2c469ff4d2aab38950d) Importer(815301076,1909f56bfc062723c751e8b465ee728b)
Start importing Assets/Sprite/GlowUnlit.shadergraph using Guid(13007b5dfc40b2c469ff4d2aab38950d) Importer(815301076,1909f56bfc062723c751e8b465ee728b)  -> (artifact id: 'f897aa64307e672728e622a46816ec3f') in 0.002631 seconds 
========================================================================
Received Import Request.
  Time since last request: 54.768234 seconds.
  path: Assets/Sprite/GlowUnlit.shadergraph
  artifactKey: Guid(13007b5dfc40b2c469ff4d2aab38950d) Importer(815301076,1909f56bfc062723c751e8b465ee728b)
Start importing Assets/Sprite/GlowUnlit.shadergraph using Guid(13007b5dfc40b2c469ff4d2aab38950d) Importer(815301076,1909f56bfc062723c751e8b465ee728b)  -> (artifact id: '860e81c7f03c063094747980a9f01681') in 0.002517 seconds 
========================================================================
Received Import Request.
  Time since last request: 1115.828103 seconds.
  path: Packages/com.unity.timeline/Editor/StyleSheets/Images/Icons/TrackCurvesButtonEnabled@2x.png
  artifactKey: Guid(9e541b6dcfb77d34481f69b3d62d0343) Importer(815301076,1909f56bfc062723c751e8b465ee728b)
Start importing Packages/com.unity.timeline/Editor/StyleSheets/Images/Icons/TrackCurvesButtonEnabled@2x.png using Guid(9e541b6dcfb77d34481f69b3d62d0343) Importer(815301076,1909f56bfc062723c751e8b465ee728b)  -> (artifact id: 'c7ab5b486f568e967efeaae122cd0aa8') in 0.028053 seconds 
========================================================================
Received Import Request.
  Time since last request: 0.000043 seconds.
  path: Packages/com.unity.collab-proxy/Editor/PlasticSCM/Assets/Images/xlink.png
  artifactKey: Guid(556a2f3b046024d4c9621c1b4be5f0c1) Importer(815301076,1909f56bfc062723c751e8b465ee728b)
Start importing Packages/com.unity.collab-proxy/Editor/PlasticSCM/Assets/Images/xlink.png using Guid(556a2f3b046024d4c9621c1b4be5f0c1) Importer(815301076,1909f56bfc062723c751e8b465ee728b)  -> (artifact id: 'eb1415371a35132bf44e47c6ed89f77d') in 0.015499 seconds 
========================================================================
Received Import Request.
  Time since last request: 0.000017 seconds.
  path: Packages/com.unity.timeline/Editor/StyleSheets/Images/Icons/TrackMarkerButtonEnabled@2x.png
  artifactKey: Guid(c35a22ede3f5feb488bf69587ddc36ed) Importer(815301076,1909f56bfc062723c751e8b465ee728b)
Start importing Packages/com.unity.timeline/Editor/StyleSheets/Images/Icons/TrackMarkerButtonEnabled@2x.png using Guid(c35a22ede3f5feb488bf69587ddc36ed) Importer(815301076,1909f56bfc062723c751e8b465ee728b)  -> (artifact id: '49085412498b825622754ccca3d12516') in 0.041265 seconds 
========================================================================
Received Import Request.
  Time since last request: 0.000036 seconds.
  path: Packages/com.unity.timeline/Editor/StyleSheets/Images/Icons/TrackMuteButtonEnabled.png
  artifactKey: Guid(81e8b4a4bcbf7a14898e2658fd827642) Importer(815301076,1909f56bfc062723c751e8b465ee728b)
Start importing Packages/com.unity.timeline/Editor/StyleSheets/Images/Icons/TrackMuteButtonEnabled.png using Guid(81e8b4a4bcbf7a14898e2658fd827642) Importer(815301076,1909f56bfc062723c751e8b465ee728b)  -> (artifact id: '2047ce437fc8cedd977e82c4e9e285f1') in 0.021134 seconds 
========================================================================
Received Import Request.
  Time since last request: 0.000028 seconds.
  path: Packages/com.unity.timeline/Editor/StyleSheets/Images/Icons/TrackLockButtonDisabled@2x.png
  artifactKey: Guid(6fb5cabb85ba3794682b16eba19440cb) Importer(815301076,1909f56bfc062723c751e8b465ee728b)
Start importing Packages/com.unity.timeline/Editor/StyleSheets/Images/Icons/TrackLockButtonDisabled@2x.png using Guid(6fb5cabb85ba3794682b16eba19440cb) Importer(815301076,1909f56bfc062723c751e8b465ee728b)  -> (artifact id: '000ab3a55628a649538843f5a3968f85') in 0.052547 seconds 
========================================================================
Received Import Request.
  Time since last request: 0.000030 seconds.
  path: Packages/com.unity.timeline/Editor/StyleSheets/Images/Icons/TrackLockButtonEnabled@2x.png
  artifactKey: Guid(b8c531b4e51e4994a81837c4e9b0d649) Importer(815301076,1909f56bfc062723c751e8b465ee728b)
Start importing Packages/com.unity.timeline/Editor/StyleSheets/Images/Icons/TrackLockButtonEnabled@2x.png using Guid(b8c531b4e51e4994a81837c4e9b0d649) Importer(815301076,1909f56bfc062723c751e8b465ee728b)  -> (artifact id: 'f5efaf1ed3cb091f89e7bdd5b847d22d') in 0.033494 seconds 
========================================================================
Received Import Request.
  Time since last request: 0.000018 seconds.
  path: Packages/com.unity.timeline/Editor/StyleSheets/Images/Icons/TrackMarkerButtonEnabled.png
  artifactKey: Guid(d1eccbb425fdacc4ba53ce4223f4ea30) Importer(815301076,1909f56bfc062723c751e8b465ee728b)
Start importing Packages/com.unity.timeline/Editor/StyleSheets/Images/Icons/TrackMarkerButtonEnabled.png using Guid(d1eccbb425fdacc4ba53ce4223f4ea30) Importer(815301076,1909f56bfc062723c751e8b465ee728b)  -> (artifact id: '14e262a9409375caac0cffabd0a29baa') in 0.049755 seconds 
========================================================================
Received Import Request.
  Time since last request: 0.000020 seconds.
  path: Packages/com.unity.timeline/Editor/StyleSheets/Images/Icons/TrackMuteButtonEnabled@2x.png
  artifactKey: Guid(512aaee9b220348408a2e518f98d6e14) Importer(815301076,1909f56bfc062723c751e8b465ee728b)
Start importing Packages/com.unity.timeline/Editor/StyleSheets/Images/Icons/TrackMuteButtonEnabled@2x.png using Guid(512aaee9b220348408a2e518f98d6e14) Importer(815301076,1909f56bfc062723c751e8b465ee728b)  -> (artifact id: '34ed3fb16e2a32b21e93205d21921b5f') in 0.034211 seconds 
========================================================================
Received Import Request.
  Time since last request: 0.000024 seconds.
  path: Packages/com.unity.timeline/Editor/StyleSheets/Images/Icons/TrackMarkerButtonDisabled@2x.png
  artifactKey: Guid(193dae938a3136440b693b45a2494737) Importer(815301076,1909f56bfc062723c751e8b465ee728b)
Start importing Packages/com.unity.timeline/Editor/StyleSheets/Images/Icons/TrackMarkerButtonDisabled@2x.png using Guid(193dae938a3136440b693b45a2494737) Importer(815301076,1909f56bfc062723c751e8b465ee728b)  -> (artifact id: 'd6a7bed87a45e22bba7c20f52e8e3880') in 0.032107 seconds 
========================================================================
Received Import Request.
  Time since last request: 0.000089 seconds.
  path: Packages/com.unity.timeline/Editor/StyleSheets/Images/Icons/TrackMuteButtonDisabled.png
  artifactKey: Guid(5216b1b48296ef345ad2d2ec43105bf0) Importer(815301076,1909f56bfc062723c751e8b465ee728b)
Start importing Packages/com.unity.timeline/Editor/StyleSheets/Images/Icons/TrackMuteButtonDisabled.png using Guid(5216b1b48296ef345ad2d2ec43105bf0) Importer(815301076,1909f56bfc062723c751e8b465ee728b)  -> (artifact id: '45c724534a3a607ec3b7020353397f0b') in 0.041646 seconds 
========================================================================
Received Import Request.
  Time since last request: 0.927087 seconds.
  path: Packages/com.unity.textmeshpro/Editor Resources/Gizmos/TMP - Input Field Icon.psd
  artifactKey: Guid(3ee40aa79cd242a5b53b0b0ca4f13f0f) Importer(815301076,1909f56bfc062723c751e8b465ee728b)
Start importing Packages/com.unity.textmeshpro/Editor Resources/Gizmos/TMP - Input Field Icon.psd using Guid(3ee40aa79cd242a5b53b0b0ca4f13f0f) Importer(815301076,1909f56bfc062723c751e8b465ee728b)  -> (artifact id: '6ef5b53118f677a9af9e3c6111ba10a3') in 0.012745 seconds 
========================================================================
Received Import Request.
  Time since last request: 0.585507 seconds.
  path: Packages/com.unity.timeline/Editor/StyleSheets/Images/LightSkin/TimelineInfiniteTrackNoShadow.png
  artifactKey: Guid(69ff79f863a32ad44a9497d4896d9d1c) Importer(815301076,1909f56bfc062723c751e8b465ee728b)
Start importing Packages/com.unity.timeline/Editor/StyleSheets/Images/LightSkin/TimelineInfiniteTrackNoShadow.png using Guid(69ff79f863a32ad44a9497d4896d9d1c) Importer(815301076,1909f56bfc062723c751e8b465ee728b)  -> (artifact id: 'e834280e225babc8484201fb7042d41b') in 0.053080 seconds 
========================================================================
Received Import Request.
  Time since last request: 87.696240 seconds.
  path: Assets/Sprite/Player.mat
  artifactKey: Guid(2249c1b29b98cf2408a717ce9f33e0ee) Importer(815301076,1909f56bfc062723c751e8b465ee728b)
Start importing Assets/Sprite/Player.mat using Guid(2249c1b29b98cf2408a717ce9f33e0ee) Importer(815301076,1909f56bfc062723c751e8b465ee728b)  -> (artifact id: '3f2e595e0ebe72ce56bea8072814b940') in 0.274507 seconds 
========================================================================
Received Import Request.
  Time since last request: 0.380381 seconds.
  path: Assets/Sprite/Player.mat
  artifactKey: Guid(2249c1b29b98cf2408a717ce9f33e0ee) Importer(815301076,1909f56bfc062723c751e8b465ee728b)
Start importing Assets/Sprite/Player.mat using Guid(2249c1b29b98cf2408a717ce9f33e0ee) Importer(815301076,1909f56bfc062723c751e8b465ee728b)  -> (artifact id: '830593229567bede45e668434dc68ffd') in 0.007508 seconds 
========================================================================
Received Import Request.
  Time since last request: 106.327430 seconds.
  path: Assets/Shader
  artifactKey: Guid(9e7cfe182523a494493763484d0377cd) Importer(815301076,1909f56bfc062723c751e8b465ee728b)
Start importing Assets/Shader using Guid(9e7cfe182523a494493763484d0377cd) Importer(815301076,1909f56bfc062723c751e8b465ee728b)  -> (artifact id: '451cf265fbff8962aa454a2f9fe32588') in 0.007654 seconds 
========================================================================
Received Import Request.
  Time since last request: 4.870837 seconds.
  path: Assets/Sprite/GlowUnlit.shadergraph
  artifactKey: Guid(13007b5dfc40b2c469ff4d2aab38950d) Importer(815301076,1909f56bfc062723c751e8b465ee728b)
Start importing Assets/Sprite/GlowUnlit.shadergraph using Guid(13007b5dfc40b2c469ff4d2aab38950d) Importer(815301076,1909f56bfc062723c751e8b465ee728b)  -> (artifact id: 'dc933e221b1cfa00a437080b97dcf479') in 0.002331 seconds 
========================================================================
Received Import Request.
  Time since last request: 89.933352 seconds.
  path: Assets/Shader/2dGlow.shadergraph
  artifactKey: Guid(20d0794117090d848bae8e8f24c502f9) Importer(815301076,1909f56bfc062723c751e8b465ee728b)
Start importing Assets/Shader/2dGlow.shadergraph using Guid(20d0794117090d848bae8e8f24c502f9) Importer(815301076,1909f56bfc062723c751e8b465ee728b)  -> (artifact id: '355067abecdc20573c26f7af33ca811c') in 0.007557 seconds 
========================================================================
Received Import Request.
  Time since last request: 260.917119 seconds.
  path: Assets/Shader/2dGlow.shadergraph
  artifactKey: Guid(20d0794117090d848bae8e8f24c502f9) Importer(815301076,1909f56bfc062723c751e8b465ee728b)
Start importing Assets/Shader/2dGlow.shadergraph using Guid(20d0794117090d848bae8e8f24c502f9) Importer(815301076,1909f56bfc062723c751e8b465ee728b)  -> (artifact id: '1d80e6b8be5d82af900fe74c3d2015d3') in 0.003328 seconds 
========================================================================
Received Import Request.
  Time since last request: 20.333076 seconds.
  path: Assets/Shader/2DGlowMaterial.mat
  artifactKey: Guid(f62739dfd48dd0c4e97a324cb80fecf7) Importer(815301076,1909f56bfc062723c751e8b465ee728b)
Start importing Assets/Shader/2DGlowMaterial.mat using Guid(f62739dfd48dd0c4e97a324cb80fecf7) Importer(815301076,1909f56bfc062723c751e8b465ee728b)  -> (artifact id: '81110ebec65ac7ffa797dae7392f5434') in 0.148344 seconds 
